2018-12-10 09:21:24 +0000  Initial pipeline context: <IDEDistributionProcessingPipelineContext: 0x7fc9658dab70; archive(resolved)='<IDEArchive: 0x7fc967037310>', distributionTask(resolved)='2', distributionDestination(resolved)='1', distributionMethod(resolved)='<IDEDistributionMethodAdHoc: 0x7fc976175860>', team(resolved)='<IDEProvisioningDisambiguatableBasicTeam: 0x7fc97d8a2040; teamID='7T7PP6R6DZ', teamName='lei mingxiu', teamType='Individual', username='tataleimingxiu@126.com', isFreeProvisioningTeam='0'>'>
	Chain (12, self inclusive):
	<IDEDistributionProcessingPipelineContext: 0x7fc9658dab70; archive = '<IDEArchive: 0x7fc967037310>', distributionMethod='<IDEDistributionMethodAdHoc: 0x7fc976175860>', team='<IDEProvisioningDisambiguatableBasicTeam: 0x7fc97d8a2040; teamID='7T7PP6R6DZ', teamName='lei mingxiu', teamType='Individual', username='tataleimingxiu@126.com', isFreeProvisioningTeam='0'>'>
	<IDEDistributionProcessingPipelineContext: 0x7fc9687a28c0; archive = '<IDEArchive: 0x7fc967037310>', distributionMethod='<IDEDistributionMethodAdHoc: 0x7fc976175860>', team='<IDEProvisioningDisambiguatableBasicTeam: 0x7fc97d8a2040; teamID='7T7PP6R6DZ', teamName='lei mingxiu', teamType='Individual', username='tataleimingxiu@126.com', isFreeProvisioningTeam='0'>'>
	<IDEDistributionContext: 0x7fc964cbac10; archive = '<IDEArchive: 0x7fc967037310>', distributionMethod='<IDEDistributionMethodAdHoc: 0x7fc976175860>', team='<IDEProvisioningDisambiguatableBasicTeam: 0x7fc97d8a2040; teamID='7T7PP6R6DZ', teamName='lei mingxiu', teamType='Individual', username='tataleimingxiu@126.com', isFreeProvisioningTeam='0'>'>
	<IDEDistributionContext: 0x7fc9651fb3c0; archive = '<IDEArchive: 0x7fc967037310>', distributionMethod='<IDEDistributionMethodAdHoc: 0x7fc976175860>', team='<IDEProvisioningDisambiguatableBasicTeam: 0x7fc97d8a2040; teamID='7T7PP6R6DZ', teamName='lei mingxiu', teamType='Individual', username='tataleimingxiu@126.com', isFreeProvisioningTeam='0'>'>
	<IDEDistributionContext: 0x7fc967065a70; archive = '<IDEArchive: 0x7fc967037310>', distributionMethod='<IDEDistributionMethodAdHoc: 0x7fc976175860>', team='<IDEProvisioningDisambiguatableBasicTeam: 0x7fc97d8a2040; teamID='7T7PP6R6DZ', teamName='lei mingxiu', teamType='Individual', username='tataleimingxiu@126.com', isFreeProvisioningTeam='0'>'>
	<IDEDistributionContext: 0x7fc967110de0; archive = '<IDEArchive: 0x7fc967037310>', distributionMethod='<IDEDistributionMethodAdHoc: 0x7fc976175860>', team='<IDEProvisioningDisambiguatableBasicTeam: 0x7fc97d8a2040; teamID='7T7PP6R6DZ', teamName='lei mingxiu', teamType='Individual', username='tataleimingxiu@126.com', isFreeProvisioningTeam='0'>'>
	<IDEDistributionContext: 0x7fc96546f490; archive = '<IDEArchive: 0x7fc967037310>', distributionMethod='<IDEDistributionMethodAdHoc: 0x7fc976175860>', team='<IDEProvisioningDisambiguatableBasicTeam: 0x7fc97d8a2040; teamID='7T7PP6R6DZ', teamName='lei mingxiu', teamType='Individual', username='tataleimingxiu@126.com', isFreeProvisioningTeam='0'>'>
	<IDEDistributionContext: 0x7fc967fb69b0; archive = '<IDEArchive: 0x7fc967037310>', distributionMethod='<IDEDistributionMethodAdHoc: 0x7fc976175860>', team='<IDEProvisioningDisambiguatableBasicTeam: 0x7fc97d8a2040; teamID='7T7PP6R6DZ', teamName='lei mingxiu', teamType='Individual', username='tataleimingxiu@126.com', isFreeProvisioningTeam='0'>'>
	<IDEDistributionContext: 0x7fc964ac9990; archive = '<IDEArchive: 0x7fc967037310>', distributionMethod='<IDEDistributionMethodAdHoc: 0x7fc976175860>', team='<IDEProvisioningDisambiguatableBasicTeam: 0x7fc97d8a2040; teamID='7T7PP6R6DZ', teamName='lei mingxiu', teamType='Individual', username='tataleimingxiu@126.com', isFreeProvisioningTeam='0'>'>
	<IDEDistributionContext: 0x7fc9684dee30; archive = '<IDEArchive: 0x7fc967037310>', distributionMethod='<IDEDistributionMethodAdHoc: 0x7fc976175860>', team='(null)'>
	<IDEDistributionContext: 0x7fc9762c06a0; archive = '<IDEArchive: 0x7fc967037310>', distributionMethod='<IDEDistributionMethodAdHoc: 0x7fc976175860>', team='(null)'>
	<IDEDistributionContext: 0x7fc967726e80; archive = '<IDEArchive: 0x7fc967037310>', distributionMethod='(null)', team='(null)'>
</IDEDistributionProcessingPipelineContext: 0x7fc9658dab70>
2018-12-10 09:21:24 +0000  Processing step: IDEDistributionCreateDestRootStep
2018-12-10 09:21:24 +0000  Processing step: IDEDistributionCopyItemStep
2018-12-10 09:21:24 +0000  Running /usr/bin/ditto '-V' '/Users/Corleone/Library/Developer/Xcode/Archives/2018-12-10/HomeworkAssistant 2018-12-10, 17.20.xcarchive/Products/Applications/HomeworkAssistant.app' '/var/folders/4d/zk6mngq54yv04l30y3lwf89w0000gp/T/XcodeDistPipeline.YFl/Root/Payload/HomeworkAssistant.app'
2018-12-10 09:21:24 +0000  >>> Copying /Users/Corleone/Library/Developer/Xcode/Archives/2018-12-10/HomeworkAssistant 2018-12-10, 17.20.xcarchive/Products/Applications/HomeworkAssistant.app 
2018-12-10 09:21:24 +0000  copying file ./_CodeSignature/CodeResources ... 
2018-12-10 09:21:24 +0000  65249 bytes for ./_CodeSignature/CodeResources
copying file ./首页头图@3x.png ... 
2018-12-10 09:21:24 +0000  209640 bytes for ./首页头图@3x.png
2018-12-10 09:21:24 +0000  copying file ./分享给同学@2x.png ... 
2018-12-10 09:21:24 +0000  5469 bytes for ./分享给同学@2x.png
2018-12-10 09:21:24 +0000  copying file ./qq@2x.png ... 
2018-12-10 09:21:24 +0000  1391 bytes for ./qq@2x.png
2018-12-10 09:21:24 +0000  copying file ./用户好评@2x.png ... 
2018-12-10 09:21:24 +0000  1796 bytes for ./用户好评@2x.png
2018-12-10 09:21:24 +0000  copying file ./空状态@3x.png ... 
2018-12-10 09:21:24 +0000  49357 bytes for ./空状态@3x.png
2018-12-10 09:21:24 +0000  copying file ./我的-激活@2x.png ... 
2018-12-10 09:21:24 +0000  3074 bytes for ./我的-激活@2x.png
copying file ./我的-激活@3x.png ... 
2018-12-10 09:21:24 +0000  4609 bytes for ./我的-激活@3x.png
copying file ./SGQRCode.bundle/sound.caf ... 
2018-12-10 09:21:24 +0000  129556 bytes for ./SGQRCode.bundle/sound.caf
2018-12-10 09:21:24 +0000  copying file ./SGQRCode.bundle/en.lproj/Root.strings ... 
2018-12-10 09:21:24 +0000  546 bytes for ./SGQRCode.bundle/en.lproj/Root.strings
2018-12-10 09:21:24 +0000  copying file ./SGQRCode.bundle/QRCodeScanningLineGrid@2x.png ... 
2018-12-10 09:21:24 +0000  7999 bytes for ./SGQRCode.bundle/QRCodeScanningLineGrid@2x.png
2018-12-10 09:21:24 +0000  copying file ./SGQRCode.bundle/QRCodeScanningLineGrid@3x.png ... 
2018-12-10 09:21:24 +0000  14817 bytes for ./SGQRCode.bundle/QRCodeScanningLineGrid@3x.png
2018-12-10 09:21:24 +0000  copying file ./SGQRCode.bundle/Root.plist ... 
2018-12-10 09:21:24 +0000  1456 bytes for ./SGQRCode.bundle/Root.plist
2018-12-10 09:21:24 +0000  copying file ./SGQRCode.bundle/QRCodeScanningLine@3x.png ... 
2018-12-10 09:21:24 +0000  3891 bytes for ./SGQRCode.bundle/QRCodeScanningLine@3x.png
2018-12-10 09:21:24 +0000  copying file ./SGQRCode.bundle/QRCodeScanningLine@2x.png ... 
2018-12-10 09:21:24 +0000  2231 bytes for ./SGQRCode.bundle/QRCodeScanningLine@2x.png
2018-12-10 09:21:24 +0000  copying file ./空状态@2x.png ... 
30976 bytes for ./空状态@2x.png
copying file ./用户好评@3x.png ... 
2018-12-10 09:21:24 +0000  2602 bytes for ./用户好评@3x.png
copying file ./qq@3x.png ... 
2018-12-10 09:21:24 +0000  2030 bytes for ./qq@3x.png
copying file ./分享给同学@3x.png ... 
2018-12-10 09:21:24 +0000  7852 bytes for ./分享给同学@3x.png
copying file ./首页头图@2x.png ... 
2018-12-10 09:21:24 +0000  112003 bytes for ./首页头图@2x.png
2018-12-10 09:21:24 +0000  copying file ./MJRefresh.bundle/zh-Hans.lproj/Localizable.strings ... 
2018-12-10 09:21:24 +0000  1194 bytes for ./MJRefresh.bundle/zh-Hans.lproj/Localizable.strings
2018-12-10 09:21:24 +0000  copying file ./MJRefresh.bundle/en.lproj/Localizable.strings ... 
2018-12-10 09:21:24 +0000  1372 bytes for ./MJRefresh.bundle/en.lproj/Localizable.strings
2018-12-10 09:21:24 +0000  copying file ./MJRefresh.bundle/arrow@2x.png ... 
2018-12-10 09:21:24 +0000  1033 bytes for ./MJRefresh.bundle/arrow@2x.png
2018-12-10 09:21:24 +0000  copying file ./MJRefresh.bundle/zh-Hant.lproj/Localizable.strings ... 
2018-12-10 09:21:24 +0000  773 bytes for ./MJRefresh.bundle/zh-Hant.lproj/Localizable.strings
2018-12-10 09:21:24 +0000  copying file ./UMSocialSDKResources.bundle/UMSocialWaterMark/umsocial_defaultwatermark.png ... 
2018-12-10 09:21:24 +0000  3003 bytes for ./UMSocialSDKResources.bundle/UMSocialWaterMark/umsocial_defaultwatermark.png
copying file ./UMSocialSDKResources.bundle/zh-Hans.lproj/UMSocialLocalizable.strings ... 
6740 bytes for ./UMSocialSDKResources.bundle/zh-Hans.lproj/UMSocialLocalizable.strings
2018-12-10 09:21:24 +0000  copying file ./UMSocialSDKResources.bundle/en.lproj/UMSocialLocalizable.strings ... 
2018-12-10 09:21:24 +0000  6554 bytes for ./UMSocialSDKResources.bundle/en.lproj/UMSocialLocalizable.strings
2018-12-10 09:21:24 +0000  copying file ./UMSocialSDKResources.bundle/Buttons/UMS_nav_button_close@2x.png ... 
2018-12-10 09:21:24 +0000  500 bytes for ./UMSocialSDKResources.bundle/Buttons/UMS_nav_button_close@2x.png
2018-12-10 09:21:24 +0000  copying file ./UMSocialSDKResources.bundle/Buttons/UMS_url_image@2x.png ... 
2018-12-10 09:21:24 +0000  1562 bytes for ./UMSocialSDKResources.bundle/Buttons/UMS_url_image@2x.png
2018-12-10 09:21:24 +0000  copying file ./UMSocialSDKResources.bundle/Buttons/UMS_url_music@2x.png ... 
2018-12-10 09:21:24 +0000  1771 bytes for ./UMSocialSDKResources.bundle/Buttons/UMS_url_music@2x.png
2018-12-10 09:21:24 +0000  copying file ./UMSocialSDKResources.bundle/Buttons/UMS_add_friend_off@2x.png ... 
2018-12-10 09:21:24 +0000  134 bytes for ./UMSocialSDKResources.bundle/Buttons/UMS_add_friend_off@2x.png
2018-12-10 09:21:24 +0000  copying file ./UMSocialSDKResources.bundle/Buttons/UMS_delete_image_button_normal@2x.png ... 
2018-12-10 09:21:24 +0000  891 bytes for ./UMSocialSDKResources.bundle/Buttons/UMS_delete_image_button_normal@2x.png
2018-12-10 09:21:24 +0000  copying file ./UMSocialSDKResources.bundle/Buttons/UMS_nav_button_send@2x.png ... 
2018-12-10 09:21:24 +0000  1624 bytes for ./UMSocialSDKResources.bundle/Buttons/UMS_nav_button_send@2x.png
2018-12-10 09:21:24 +0000  copying file ./UMSocialSDKResources.bundle/Buttons/UMS_url_video@2x.png ... 
2018-12-10 09:21:24 +0000  2062 bytes for ./UMSocialSDKResources.bundle/Buttons/UMS_url_video@2x.png
2018-12-10 09:21:24 +0000  copying file ./UMSocialSDKResources.bundle/UMSocialPlatformTheme/default/umsocial_renren.png ... 
2018-12-10 09:21:24 +0000  1529 bytes for ./UMSocialSDKResources.bundle/UMSocialPlatformTheme/default/umsocial_renren.png
2018-12-10 09:21:24 +0000  copying file ./UMSocialSDKResources.bundle/UMSocialPlatformTheme/default/umsocial_default.png ... 
2018-12-10 09:21:24 +0000  4203 bytes for ./UMSocialSDKResources.bundle/UMSocialPlatformTheme/default/umsocial_default.png
2018-12-10 09:21:24 +0000  copying file ./UMSocialSDKResources.bundle/UMSocialPlatformTheme/default/umsocial_pinterest.png ... 
1987 bytes for ./UMSocialSDKResources.bundle/UMSocialPlatformTheme/default/umsocial_pinterest.png
copying file ./UMSocialSDKResources.bundle/UMSocialPlatformTheme/default/umsocial_alipay.png ... 
1370 bytes for ./UMSocialSDKResources.bundle/UMSocialPlatformTheme/default/umsocial_alipay.png
copying file ./UMSocialSDKResources.bundle/UMSocialPlatformTheme/default/umsocial_yixin_session.png ... 
1833 bytes for ./UMSocialSDKResources.bundle/UMSocialPlatformTheme/default/umsocial_yixin_session.png
copying file ./UMSocialSDKResources.bundle/UMSocialPlatformTheme/default/umsocial_vkontakte.png ... 
2018-12-10 09:21:24 +0000  1867 bytes for ./UMSocialSDKResources.bundle/UMSocialPlatformTheme/default/umsocial_vkontakte.png
2018-12-10 09:21:24 +0000  copying file ./UMSocialSDKResources.bundle/UMSocialPlatformTheme/default/umsocial_tim.png ... 
2018-12-10 09:21:24 +0000  2597 bytes for ./UMSocialSDKResources.bundle/UMSocialPlatformTheme/default/umsocial_tim.png
2018-12-10 09:21:24 +0000  copying file ./UMSocialSDKResources.bundle/UMSocialPlatformTheme/default/umsocial_lw_session.png ... 
2018-12-10 09:21:24 +0000  2391 bytes for ./UMSocialSDKResources.bundle/UMSocialPlatformTheme/default/umsocial_lw_session.png
2018-12-10 09:21:24 +0000  copying file ./UMSocialSDKResources.bundle/UMSocialPlatformTheme/default/umsocial_linkedin.png ... 
2018-12-10 09:21:24 +0000  1637 bytes for ./UMSocialSDKResources.bundle/UMSocialPlatformTheme/default/umsocial_linkedin.png
2018-12-10 09:21:24 +0000  copying file ./UMSocialSDKResources.bundle/UMSocialPlatformTheme/default/umsocial_yixin_favorite.png ... 
2018-12-10 09:21:24 +0000  4145 bytes for ./UMSocialSDKResources.bundle/UMSocialPlatformTheme/default/umsocial_yixin_favorite.png
2018-12-10 09:21:24 +0000  copying file ./UMSocialSDKResources.bundle/UMSocialPlatformTheme/default/umsocial_youdaonote.png ... 
2018-12-10 09:21:24 +0000  1158 bytes for ./UMSocialSDKResources.bundle/UMSocialPlatformTheme/default/umsocial_youdaonote.png
2018-12-10 09:21:24 +0000  copying file ./UMSocialSDKResources.bundle/UMSocialPlatformTheme/default/umsocial_flickr.png ... 
2018-12-10 09:21:24 +0000  979 bytes for ./UMSocialSDKResources.bundle/UMSocialPlatformTheme/default/umsocial_flickr.png
2018-12-10 09:21:24 +0000  copying file ./UMSocialSDKResources.bundle/UMSocialPlatformTheme/default/umsocial_line.png ... 
2018-12-10 09:21:24 +0000  1720 bytes for ./UMSocialSDKResources.bundle/UMSocialPlatformTheme/default/umsocial_line.png
copying file ./UMSocialSDKResources.bundle/UMSocialPlatformTheme/default/umsocial_email.png ... 
2018-12-10 09:21:24 +0000  1211 bytes for ./UMSocialSDKResources.bundle/UMSocialPlatformTheme/default/umsocial_email.png
2018-12-10 09:21:24 +0000  copying file ./UMSocialSDKResources.bundle/UMSocialPlatformTheme/default/umsocial_sms.png ... 
1127 bytes for ./UMSocialSDKResources.bundle/UMSocialPlatformTheme/default/umsocial_sms.png
copying file ./UMSocialSDKResources.bundle/UMSocialPlatformTheme/default/umsocial_evernote.png ... 
1267 bytes for ./UMSocialSDKResources.bundle/UMSocialPlatformTheme/default/umsocial_evernote.png
copying file ./UMSocialSDKResources.bundle/UMSocialPlatformTheme/default/umsocial_twitter.png ... 
1442 bytes for ./UMSocialSDKResources.bundle/UMSocialPlatformTheme/default/umsocial_twitter.png
copying file ./UMSocialSDKResources.bundle/UMSocialPlatformTheme/default/umsocial_whatsapp.png ... 
1832 bytes for ./UMSocialSDKResources.bundle/UMSocialPlatformTheme/default/umsocial_whatsapp.png
copying file ./UMSocialSDKResources.bundle/UMSocialPlatformTheme/default/umsocial_googleplus.png ... 
2018-12-10 09:21:24 +0000  2320 bytes for ./UMSocialSDKResources.bundle/UMSocialPlatformTheme/default/umsocial_googleplus.png
copying file ./UMSocialSDKResources.bundle/UMSocialPlatformTheme/default/umsocial_douban.png ... 
2018-12-10 09:21:24 +0000  813 bytes for ./UMSocialSDKResources.bundle/UMSocialPlatformTheme/default/umsocial_douban.png
2018-12-10 09:21:24 +0000  copying file ./UMSocialSDKResources.bundle/UMSocialPlatformTheme/default/umsocial_lw_timeline.png ... 
2018-12-10 09:21:24 +0000  1139 bytes for ./UMSocialSDKResources.bundle/UMSocialPlatformTheme/default/umsocial_lw_timeline.png
2018-12-10 09:21:24 +0000  copying file ./UMSocialSDKResources.bundle/UMSocialPlatformTheme/default/umsocial_facebook.png ... 
2018-12-10 09:21:24 +0000  1468 bytes for ./UMSocialSDKResources.bundle/UMSocialPlatformTheme/default/umsocial_facebook.png
2018-12-10 09:21:24 +0000  copying file ./UMSocialSDKResources.bundle/UMSocialPlatformTheme/default/umsocial_dingding.png ... 
1390 bytes for ./UMSocialSDKResources.bundle/UMSocialPlatformTheme/default/umsocial_dingding.png
copying file ./UMSocialSDKResources.bundle/UMSocialPlatformTheme/default/umsocial_wechat.png ... 
1628 bytes for ./UMSocialSDKResources.bundle/UMSocialPlatformTheme/default/umsocial_wechat.png
copying file ./UMSocialSDKResources.bundle/UMSocialPlatformTheme/default/umsocial_yixin_timeline.png ... 
2018-12-10 09:21:24 +0000  2199 bytes for ./UMSocialSDKResources.bundle/UMSocialPlatformTheme/default/umsocial_yixin_timeline.png
2018-12-10 09:21:24 +0000  copying file ./UMSocialSDKResources.bundle/UMSocialPlatformTheme/default/umsocial_dropbox.png ... 
2018-12-10 09:21:24 +0000  1692 bytes for ./UMSocialSDKResources.bundle/UMSocialPlatformTheme/default/umsocial_dropbox.png
2018-12-10 09:21:24 +0000  copying file ./UMSocialSDKResources.bundle/UMSocialPlatformTheme/default/umsocial_pocket.png ... 
2018-12-10 09:21:24 +0000  1405 bytes for ./UMSocialSDKResources.bundle/UMSocialPlatformTheme/default/umsocial_pocket.png
2018-12-10 09:21:24 +0000  copying file ./UMSocialSDKResources.bundle/UMSocialPlatformTheme/default/umsocial_wechat_timeline.png ... 
2018-12-10 09:21:24 +0000  1506 bytes for ./UMSocialSDKResources.bundle/UMSocialPlatformTheme/default/umsocial_wechat_timeline.png
2018-12-10 09:21:24 +0000  copying file ./UMSocialSDKResources.bundle/UMSocialPlatformTheme/default/umsocial_tencentWB.png ... 
2018-12-10 09:21:24 +0000  1943 bytes for ./UMSocialSDKResources.bundle/UMSocialPlatformTheme/default/umsocial_tencentWB.png
2018-12-10 09:21:24 +0000  copying file ./UMSocialSDKResources.bundle/UMSocialPlatformTheme/default/umsocial_wechat_favorite.png ... 
2018-12-10 09:21:24 +0000  1179 bytes for ./UMSocialSDKResources.bundle/UMSocialPlatformTheme/default/umsocial_wechat_favorite.png
copying file ./UMSocialSDKResources.bundle/UMSocialPlatformTheme/default/umsocial_sina.png ... 
2018-12-10 09:21:24 +0000  2581 bytes for ./UMSocialSDKResources.bundle/UMSocialPlatformTheme/default/umsocial_sina.png
copying file ./UMSocialSDKResources.bundle/UMSocialPlatformTheme/default/umsocial_tumblr.png ... 
1564 bytes for ./UMSocialSDKResources.bundle/UMSocialPlatformTheme/default/umsocial_tumblr.png
copying file ./UMSocialSDKResources.bundle/UMSocialPlatformTheme/default/umsocial_kakaoTalk.png ... 
2018-12-10 09:21:24 +0000  1893 bytes for ./UMSocialSDKResources.bundle/UMSocialPlatformTheme/default/umsocial_kakaoTalk.png
2018-12-10 09:21:24 +0000  copying file ./UMSocialSDKResources.bundle/UMSocialPlatformTheme/default/umsocial_facebookmessenger.png ... 
1749 bytes for ./UMSocialSDKResources.bundle/UMSocialPlatformTheme/default/umsocial_facebookmessenger.png
copying file ./UMSocialSDKResources.bundle/UMSocialPlatformTheme/default/umsocial_qzone.png ... 
2083 bytes for ./UMSocialSDKResources.bundle/UMSocialPlatformTheme/default/umsocial_qzone.png
copying file ./UMSocialSDKResources.bundle/UMSocialPlatformTheme/default/umsocial_qq.png ... 
2018-12-10 09:21:24 +0000  3505 bytes for ./UMSocialSDKResources.bundle/UMSocialPlatformTheme/default/umsocial_qq.png
2018-12-10 09:21:24 +0000  copying file ./UMSocialSDKResources.bundle/UMSocialPlatformTheme/default/umsocial_instagram.png ... 
2018-12-10 09:21:24 +0000  1952 bytes for ./UMSocialSDKResources.bundle/UMSocialPlatformTheme/default/umsocial_instagram.png
2018-12-10 09:21:24 +0000  copying file ./搜索@3x.png ... 
2018-12-10 09:21:24 +0000  3361 bytes for ./搜索@3x.png
2018-12-10 09:21:24 +0000  copying file ./标签-向下箭头@3x.png ... 
568 bytes for ./标签-向下箭头@3x.png
2018-12-10 09:21:24 +0000  copying file ./标签-向上箭头@3x.png ... 
2018-12-10 09:21:24 +0000  573 bytes for ./标签-向上箭头@3x.png
2018-12-10 09:21:24 +0000  copying file ./返回@3x.png ... 
2018-12-10 09:21:24 +0000  2220 bytes for ./返回@3x.png
2018-12-10 09:21:24 +0000  copying file ./切图/首页头图@3x.png ... 
2018-12-10 09:21:24 +0000  424036 bytes for ./切图/首页头图@3x.png
2018-12-10 09:21:24 +0000  copying file ./切图/下拉@3x.png ... 
2018-12-10 09:21:24 +0000  1254 bytes for ./切图/下拉@3x.png
2018-12-10 09:21:24 +0000  copying file ./切图/用户好评@2x.png ... 
2018-12-10 09:21:24 +0000  1907 bytes for ./切图/用户好评@2x.png
2018-12-10 09:21:24 +0000  copying file ./切图/空状态@3x.png ... 
2018-12-10 09:21:24 +0000  73244 bytes for ./切图/空状态@3x.png
2018-12-10 09:21:24 +0000  copying file ./切图/我的-激活@2x.png ... 
2018-12-10 09:21:24 +0000  3651 bytes for ./切图/我的-激活@2x.png
2018-12-10 09:21:24 +0000  copying file ./切图/学习-icon@2x.png ... 
2018-12-10 09:21:24 +0000  1607 bytes for ./切图/学习-icon@2x.png
2018-12-10 09:21:24 +0000  copying file ./切图/学习-icon@3x.png ... 
2018-12-10 09:21:24 +0000  2608 bytes for ./切图/学习-icon@3x.png
copying file ./切图/我的-激活@3x.png ... 
2018-12-10 09:21:24 +0000  5742 bytes for ./切图/我的-激活@3x.png
2018-12-10 09:21:24 +0000  copying file ./切图/空状态@2x.png ... 
42821 bytes for ./切图/空状态@2x.png
copying file ./切图/用户好评@3x.png ... 
2018-12-10 09:21:24 +0000  2934 bytes for ./切图/用户好评@3x.png
2018-12-10 09:21:24 +0000  copying file ./切图/下拉@2x.png ... 
2018-12-10 09:21:24 +0000  830 bytes for ./切图/下拉@2x.png
2018-12-10 09:21:24 +0000  copying file ./切图/首页头图@2x.png ... 
2018-12-10 09:21:24 +0000  218455 bytes for ./切图/首页头图@2x.png
2018-12-10 09:21:24 +0000  copying file ./切图/搜索@3x.png ... 
2018-12-10 09:21:24 +0000  4171 bytes for ./切图/搜索@3x.png
2018-12-10 09:21:24 +0000  copying file ./切图/返回@3x.png ... 
2018-12-10 09:21:24 +0000  2681 bytes for ./切图/返回@3x.png
2018-12-10 09:21:24 +0000  copying file ./切图/清除历史@3x.png ... 
2018-12-10 09:21:24 +0000  1533 bytes for ./切图/清除历史@3x.png
2018-12-10 09:21:24 +0000  copying file ./切图/分享到QQ@2x.png ... 
2018-12-10 09:21:24 +0000  4404 bytes for ./切图/分享到QQ@2x.png
2018-12-10 09:21:24 +0000  copying file ./切图/分享应用@3x.png ... 
2018-12-10 09:21:24 +0000  3268 bytes for ./切图/分享应用@3x.png
2018-12-10 09:21:24 +0000  copying file ./切图/分享应用@2x.png ... 
2018-12-10 09:21:24 +0000  2050 bytes for ./切图/分享应用@2x.png
2018-12-10 09:21:24 +0000  copying file ./切图/分享到QQ@3x.png ... 
2018-12-10 09:21:24 +0000  7142 bytes for ./切图/分享到QQ@3x.png
2018-12-10 09:21:24 +0000  copying file ./切图/清除历史@2x.png ... 
2018-12-10 09:21:24 +0000  1065 bytes for ./切图/清除历史@2x.png
2018-12-10 09:21:24 +0000  copying file ./切图/返回@2x.png ... 
2018-12-10 09:21:24 +0000  1762 bytes for ./切图/返回@2x.png
2018-12-10 09:21:24 +0000  copying file ./切图/搜索@2x.png ... 
2018-12-10 09:21:24 +0000  2434 bytes for ./切图/搜索@2x.png
2018-12-10 09:21:24 +0000  copying file ./切图/分享到微信@3x.png ... 
2018-12-10 09:21:24 +0000  10547 bytes for ./切图/分享到微信@3x.png
2018-12-10 09:21:24 +0000  copying file ./切图/修改信息@3x.png ... 
2018-12-10 09:21:24 +0000  2830 bytes for ./切图/修改信息@3x.png
2018-12-10 09:21:24 +0000  copying file ./切图/用户反馈@3x.png ... 
2018-12-10 09:21:24 +0000  1875 bytes for ./切图/用户反馈@3x.png
2018-12-10 09:21:24 +0000  copying file ./切图/扫一扫@3x.png ... 
2018-12-10 09:21:24 +0000  1638 bytes for ./切图/扫一扫@3x.png
2018-12-10 09:21:24 +0000  copying file ./切图/我的-未激活@2x.png ... 
2018-12-10 09:21:24 +0000  3393 bytes for ./切图/我的-未激活@2x.png
2018-12-10 09:21:24 +0000  copying file ./切图/logo@3x.png ... 
88395 bytes for ./切图/logo@3x.png
copying file ./切图/管理@3x.png ... 
2018-12-10 09:21:24 +0000  4392 bytes for ./切图/管理@3x.png
copying file ./切图/Group 3@3x.png ... 
2018-12-10 09:21:24 +0000  102732 bytes for ./切图/Group 3@3x.png
2018-12-10 09:21:24 +0000  copying file ./切图/检查更新@2x.png ... 
2018-12-10 09:21:24 +0000  3136 bytes for ./切图/检查更新@2x.png
copying file ./切图/检查更新@3x.png ... 
2018-12-10 09:21:24 +0000  5010 bytes for ./切图/检查更新@3x.png
2018-12-10 09:21:24 +0000  copying file ./切图/Group 3@2x.png ... 
2018-12-10 09:21:24 +0000  59987 bytes for ./切图/Group 3@2x.png
copying file ./切图/管理@2x.png ... 
2018-12-10 09:21:24 +0000  2490 bytes for ./切图/管理@2x.png
copying file ./切图/logo@2x.png ... 
45156 bytes for ./切图/logo@2x.png
copying file ./切图/我的-未激活@3x.png ... 
2018-12-10 09:21:24 +0000  5275 bytes for ./切图/我的-未激活@3x.png
2018-12-10 09:21:24 +0000  copying file ./切图/扫一扫@2x.png ... 
2018-12-10 09:21:24 +0000  854 bytes for ./切图/扫一扫@2x.png
2018-12-10 09:21:24 +0000  copying file ./切图/用户反馈@2x.png ... 
2018-12-10 09:21:24 +0000  1215 bytes for ./切图/用户反馈@2x.png
2018-12-10 09:21:24 +0000  copying file ./切图/修改信息@2x.png ... 
2018-12-10 09:21:24 +0000  1859 bytes for ./切图/修改信息@2x.png
copying file ./切图/分享到微信@2x.png ... 
6535 bytes for ./切图/分享到微信@2x.png
copying file ./切图/分享@3x.png ... 
1171 bytes for ./切图/分享@3x.png
copying file ./切图/学习-未激活@3x.png ... 
2018-12-10 09:21:24 +0000  2500 bytes for ./切图/学习-未激活@3x.png
copying file ./切图/返回-黑色@2x.png ... 
2018-12-10 09:21:24 +0000  2059 bytes for ./切图/返回-黑色@2x.png
copying file ./切图/返回-黑色@3x.png ... 
2018-12-10 09:21:24 +0000  3105 bytes for ./切图/返回-黑色@3x.png
2018-12-10 09:21:24 +0000  copying file ./切图/学习-未激活@2x.png ... 
2018-12-10 09:21:24 +0000  1571 bytes for ./切图/学习-未激活@2x.png
2018-12-10 09:21:24 +0000  copying file ./切图/分享@2x.png ... 
2018-12-10 09:21:24 +0000  777 bytes for ./切图/分享@2x.png
2018-12-10 09:21:24 +0000  copying file ./清除历史@3x.png ... 
2018-12-10 09:21:24 +0000  1416 bytes for ./清除历史@3x.png
2018-12-10 09:21:24 +0000  copying file ./学习-激活@3x.png ... 
2018-12-10 09:21:24 +0000  1965 bytes for ./学习-激活@3x.png
2018-12-10 09:21:24 +0000  copying file ./分享应用@3x.png ... 
2018-12-10 09:21:24 +0000  2783 bytes for ./分享应用@3x.png
2018-12-10 09:21:24 +0000  copying file ./分享应用@2x.png ... 
2018-12-10 09:21:24 +0000  1896 bytes for ./分享应用@2x.png
2018-12-10 09:21:24 +0000  copying file ./学习-激活@2x.png ... 
2018-12-10 09:21:24 +0000  1337 bytes for ./学习-激活@2x.png
copying file ./清除历史@2x.png ... 
2018-12-10 09:21:24 +0000  659 bytes for ./清除历史@2x.png
2018-12-10 09:21:24 +0000  copying file ./返回@2x.png ... 
2018-12-10 09:21:24 +0000  1511 bytes for ./返回@2x.png
2018-12-10 09:21:24 +0000  copying file ./标签-向下箭头@2x.png ... 
2018-12-10 09:21:24 +0000  220 bytes for ./标签-向下箭头@2x.png
2018-12-10 09:21:24 +0000  copying file ./标签-向上箭头@2x.png ... 
2018-12-10 09:21:24 +0000  231 bytes for ./标签-向上箭头@2x.png
2018-12-10 09:21:24 +0000  copying file ./HomeworkAssistant ... 
2018-12-10 09:21:25 +0000  33414448 bytes for ./HomeworkAssistant
2018-12-10 09:21:25 +0000  copying file ./搜索@2x.png ... 
2271 bytes for ./搜索@2x.png
copying file ./Base.lproj/LaunchScreen.storyboardc/01J-lp-oVM-view-Ze5-6b-2t3.nib ... 
1986 bytes for ./Base.lproj/LaunchScreen.storyboardc/01J-lp-oVM-view-Ze5-6b-2t3.nib
copying file ./Base.lproj/LaunchScreen.storyboardc/UIViewController-01J-lp-oVM.nib ... 
832 bytes for ./Base.lproj/LaunchScreen.storyboardc/UIViewController-01J-lp-oVM.nib
copying file ./Base.lproj/LaunchScreen.storyboardc/Info.plist ... 
258 bytes for ./Base.lproj/LaunchScreen.storyboardc/Info.plist
copying file ./修改信息@3x.png ... 
2356 bytes for ./修改信息@3x.png
copying file ./第三方登录-渐变分割线@2x.png ... 
1577 bytes for ./第三方登录-渐变分割线@2x.png
copying file ./用户反馈@3x.png ... 
1440 bytes for ./用户反馈@3x.png
copying file ./扫一扫@3x.png ... 
1331 bytes for ./扫一扫@3x.png
copying file ./我的-未激活@2x.png ... 
2959 bytes for ./我的-未激活@2x.png
copying file ./logo@3x.png ... 
63242 bytes for ./logo@3x.png
copying file ./管理@3x.png ... 
5403 bytes for ./管理@3x.png
copying file ./Assets.car ... 
29048 bytes for ./Assets.car
copying file ./检查更新@2x.png ... 
2018-12-10 09:21:25 +0000  2910 bytes for ./检查更新@2x.png
copying file ./检查更新@3x.png ... 
2018-12-10 09:21:25 +0000  4533 bytes for ./检查更新@3x.png
2018-12-10 09:21:25 +0000  copying file ./管理@2x.png ... 
2018-12-10 09:21:25 +0000  3541 bytes for ./管理@2x.png
2018-12-10 09:21:25 +0000  copying file ./logo@2x.png ... 
33709 bytes for ./logo@2x.png
copying file ./我的-未激活@3x.png ... 
2018-12-10 09:21:25 +0000  4489 bytes for ./我的-未激活@3x.png
copying file ./扫一扫@2x.png ... 
817 bytes for ./扫一扫@2x.png
copying file ./用户反馈@2x.png ... 
2018-12-10 09:21:25 +0000  1038 bytes for ./用户反馈@2x.png
2018-12-10 09:21:25 +0000  copying file ./第三方登录-渐变分割线@3x.png ... 
2018-12-10 09:21:25 +0000  2062 bytes for ./第三方登录-渐变分割线@3x.png
2018-12-10 09:21:25 +0000  copying file ./修改信息@2x.png ... 
2018-12-10 09:21:25 +0000  1699 bytes for ./修改信息@2x.png
2018-12-10 09:21:25 +0000  copying file ./学习-未激活@3x.png ... 
1877 bytes for ./学习-未激活@3x.png
copying file ./微信@3x.png ... 
2817 bytes for ./微信@3x.png
copying file ./embedded.mobileprovision ... 
8341 bytes for ./embedded.mobileprovision
copying file ./微信@2x.png ... 
1908 bytes for ./微信@2x.png
copying file ./学习-未激活@2x.png ... 
1292 bytes for ./学习-未激活@2x.png
2018-12-10 09:21:25 +0000  copying file ./login/AuthServer/MD5Encrypt.m ... 
761 bytes for ./login/AuthServer/MD5Encrypt.m
copying file ./login/AuthServer/AuthServerV2RP.m ... 
2957 bytes for ./login/AuthServer/AuthServerV2RP.m
copying file ./login/AuthServer/AuthServer.h ... 
775 bytes for ./login/AuthServer/AuthServer.h
copying file ./login/AuthServer/AuthServerV2RP.h ... 
403 bytes for ./login/AuthServer/AuthServerV2RP.h
2018-12-10 09:21:25 +0000  copying file ./login/AuthServer/MD5Encrypt.h ... 
2018-12-10 09:21:25 +0000  262 bytes for ./login/AuthServer/MD5Encrypt.h
2018-12-10 09:21:25 +0000  copying file ./login/AuthServer/AuthServer.m ... 
2018-12-10 09:21:25 +0000  19678 bytes for ./login/AuthServer/AuthServer.m
2018-12-10 09:21:25 +0000  copying file ./login/controller/Constants.m ... 
2018-12-10 09:21:25 +0000  49 bytes for ./login/controller/Constants.m
2018-12-10 09:21:25 +0000  copying file ./login/controller/ForgetPassViewController.m ... 
2018-12-10 09:21:25 +0000  13081 bytes for ./login/controller/ForgetPassViewController.m
2018-12-10 09:21:25 +0000  copying file ./login/controller/YDUserManager.m ... 
2018-12-10 09:21:25 +0000  16524 bytes for ./login/controller/YDUserManager.m
2018-12-10 09:21:25 +0000  copying file ./login/controller/OldLoginViewController.h ... 
2018-12-10 09:21:25 +0000  220 bytes for ./login/controller/OldLoginViewController.h
2018-12-10 09:21:25 +0000  copying file ./login/controller/EnrollViewController.h ... 
2018-12-10 09:21:25 +0000  213 bytes for ./login/controller/EnrollViewController.h
2018-12-10 09:21:25 +0000  copying file ./login/controller/LoginViewController.m ... 
2018-12-10 09:21:25 +0000  34486 bytes for ./login/controller/LoginViewController.m
2018-12-10 09:21:25 +0000  copying file ./login/controller/NetEaseMailController.h ... 
2018-12-10 09:21:25 +0000  221 bytes for ./login/controller/NetEaseMailController.h
2018-12-10 09:21:25 +0000  copying file ./login/controller/WebViewController.m ... 
2018-12-10 09:21:25 +0000  5466 bytes for ./login/controller/WebViewController.m
2018-12-10 09:21:25 +0000  copying file ./login/controller/ForgetPassViewController.h ... 
2018-12-10 09:21:25 +0000  217 bytes for ./login/controller/ForgetPassViewController.h
2018-12-10 09:21:25 +0000  copying file ./login/controller/Constants.h ... 
2018-12-10 09:21:25 +0000  18851 bytes for ./login/controller/Constants.h
2018-12-10 09:21:25 +0000  copying file ./login/controller/OldLoginViewController.m ... 
2018-12-10 09:21:25 +0000  31491 bytes for ./login/controller/OldLoginViewController.m
2018-12-10 09:21:25 +0000  copying file ./login/controller/YDUserManager.h ... 
2018-12-10 09:21:25 +0000  2177 bytes for ./login/controller/YDUserManager.h
2018-12-10 09:21:25 +0000  copying file ./login/controller/NetEaseMailController.m ... 
19430 bytes for ./login/controller/NetEaseMailController.m
copying file ./login/controller/LoginViewController.h ... 
2018-12-10 09:21:25 +0000  238 bytes for ./login/controller/LoginViewController.h
copying file ./login/controller/EnrollViewController.m ... 
2018-12-10 09:21:25 +0000  14585 bytes for ./login/controller/EnrollViewController.m
copying file ./login/controller/WebViewController.h ... 
2018-12-10 09:21:25 +0000  356 bytes for ./login/controller/WebViewController.h
2018-12-10 09:21:25 +0000  copying file ./login/model/YDUserModel.h ... 
2018-12-10 09:21:25 +0000  3540 bytes for ./login/model/YDUserModel.h
2018-12-10 09:21:25 +0000  copying file ./login/model/YDUserModel.m ... 
2018-12-10 09:21:25 +0000  186 bytes for ./login/model/YDUserModel.m
2018-12-10 09:21:25 +0000  copying file ./login/view/MineTopView.h ... 
2018-12-10 09:21:25 +0000  495 bytes for ./login/view/MineTopView.h
2018-12-10 09:21:25 +0000  copying file ./login/view/LoginView.h ... 
2018-12-10 09:21:25 +0000  330 bytes for ./login/view/LoginView.h
2018-12-10 09:21:25 +0000  copying file ./login/view/NetEaseMailLoginView.m ... 
2018-12-10 09:21:25 +0000  1659 bytes for ./login/view/NetEaseMailLoginView.m
2018-12-10 09:21:25 +0000  copying file ./login/view/OldLoginView.m ... 
2018-12-10 09:21:25 +0000  2073 bytes for ./login/view/OldLoginView.m
2018-12-10 09:21:25 +0000  copying file ./login/view/MineTopView.m ... 
2018-12-10 09:21:25 +0000  3623 bytes for ./login/view/MineTopView.m
2018-12-10 09:21:25 +0000  copying file ./login/view/NetEaseMailLoginView.h ... 
2018-12-10 09:21:25 +0000  313 bytes for ./login/view/NetEaseMailLoginView.h
2018-12-10 09:21:25 +0000  copying file ./login/view/LoginView.m ... 
2018-12-10 09:21:25 +0000  2085 bytes for ./login/view/LoginView.m
2018-12-10 09:21:25 +0000  copying file ./login/view/OldLoginView.h ... 
2018-12-10 09:21:25 +0000  292 bytes for ./login/view/OldLoginView.h
2018-12-10 09:21:25 +0000  copying file ./Info.plist ... 
2018-12-10 09:21:25 +0000  2283 bytes for ./Info.plist
2018-12-10 09:21:25 +0000  copying file ./PkgInfo ... 
2018-12-10 09:21:25 +0000  8 bytes for ./PkgInfo
2018-12-10 09:21:25 +0000  /usr/bin/ditto exited with 0
2018-12-10 09:21:25 +0000  Processing step: IDEDistributionEmbedProfileStep
2018-12-10 09:21:25 +0000  Processing step: IDEDistributionAppThinningPlistStep
2018-12-10 09:21:25 +0000  Skipping step: IDEDistributionAppThinningPlistStep because it said so
2018-12-10 09:21:25 +0000  Processing step: IDEDistributionCompileBitcodeStep
2018-12-10 09:21:25 +0000  Skipping step: IDEDistributionCompileBitcodeStep because it said so
2018-12-10 09:21:25 +0000  Processing step: IDEDistributionCodeSlimmingStep
2018-12-10 09:21:25 +0000  Processing step: IDEDistributionCopyBCSymbolMapsStep
2018-12-10 09:21:25 +0000  Skipping step: IDEDistributionCopyBCSymbolMapsStep because it said so
2018-12-10 09:21:25 +0000  Processing step: IDEDistributionSymbolsStep
2018-12-10 09:21:25 +0000  Skipping step: IDEDistributionSymbolsStep because it said so
2018-12-10 09:21:25 +0000  Processing step: IDEDistributionAppThinningStep
2018-12-10 09:21:25 +0000  Skipping step: IDEDistributionAppThinningStep because it said so
2018-12-10 09:21:25 +0000  Processing step: IDEDistributionArchThinningStep
2018-12-10 09:21:25 +0000  Running /Applications/Xcode.app/Contents/Developer/Toolchains/XcodeDefault.xctoolchain/usr/bin/lipo '/var/folders/4d/zk6mngq54yv04l30y3lwf89w0000gp/T/XcodeDistPipeline.YFl/Root/Payload/HomeworkAssistant.app/HomeworkAssistant' '-verify_arch' 'arm64e'
2018-12-10 09:21:25 +0000  /Applications/Xcode.app/Contents/Developer/Toolchains/XcodeDefault.xctoolchain/usr/bin/lipo exited with 1
2018-12-10 09:21:25 +0000  Skipping architecture thinning for item "HomeworkAssistant" because arch "arm64e" wasn't found
2018-12-10 09:21:25 +0000  Processing step: IDEDistributionODRStep
2018-12-10 09:21:25 +0000  Processing step: IDEDistributionStripXattrsStep
2018-12-10 09:21:25 +0000  Running /usr/bin/xattr '-crs' '/var/folders/4d/zk6mngq54yv04l30y3lwf89w0000gp/T/XcodeDistPipeline.YFl/Root/Payload/HomeworkAssistant.app'
2018-12-10 09:21:25 +0000  /usr/bin/xattr exited with 0
2018-12-10 09:21:25 +0000  Processing step: IDEDistributionCodesignStep
2018-12-10 09:21:25 +0000  Entitlements for <IDEDistributionItem: 0x7fc967e1b2f0 'enjoytime.palmhomework' '<DVTFilePath:0x7fc97dfd6170:'/Users/Corleone/Library/Developer/Xcode/Archives/2018-12-10/HomeworkAssistant 2018-12-10, 17.20.xcarchive/Products/Applications/HomeworkAssistant.app'>'>: {
    "application-identifier" = "7T7PP6R6DZ.enjoytime.palmhomework";
    "com.apple.developer.team-identifier" = 7T7PP6R6DZ;
    "get-task-allow" = 0;
    "keychain-access-groups" =     (
        "7T7PP6R6DZ.enjoytime.palmhomework"
    );
}
2018-12-10 09:21:25 +0000  Writing entitlements for <IDEDistributionItem: 0x7fc967e1b2f0 'enjoytime.palmhomework' '<DVTFilePath:0x7fc97dfd6170:'/Users/Corleone/Library/Developer/Xcode/Archives/2018-12-10/HomeworkAssistant 2018-12-10, 17.20.xcarchive/Products/Applications/HomeworkAssistant.app'>'> to: /var/folders/4d/zk6mngq54yv04l30y3lwf89w0000gp/T/XcodeDistPipeline.YFl/entitlementsmOKkpt
2018-12-10 09:21:25 +0000  Running /usr/bin/codesign '-vvv' '--force' '--sign' '9EBE6916A7FF7B813A40573155298F568A23AC66' '--entitlements' '/var/folders/4d/zk6mngq54yv04l30y3lwf89w0000gp/T/XcodeDistPipeline.YFl/entitlementsmOKkpt' '--preserve-metadata=identifier,flags,runtime' '/var/folders/4d/zk6mngq54yv04l30y3lwf89w0000gp/T/XcodeDistPipeline.YFl/Root/Payload/HomeworkAssistant.app'
2018-12-10 09:21:25 +0000  /var/folders/4d/zk6mngq54yv04l30y3lwf89w0000gp/T/XcodeDistPipeline.YFl/Root/Payload/HomeworkAssistant.app: signed app bundle with Mach-O universal (armv7 arm64) [enjoytime.palmhomework]
2018-12-10 09:21:25 +0000  /usr/bin/codesign exited with 0
2018-12-10 09:21:25 +0000  Processing step: IDEDistributionZipODRItemStep
2018-12-10 09:21:25 +0000  Skipping step: IDEDistributionZipODRItemStep because it said so
2018-12-10 09:21:25 +0000  Processing step: IDEDistributionCreateIPAStep
2018-12-10 09:21:25 +0000  Running /usr/bin/ditto '-V' '-c' '-k' '--norsrc' '/var/folders/4d/zk6mngq54yv04l30y3lwf89w0000gp/T/XcodeDistPipeline.YFl/Root' '/var/folders/4d/zk6mngq54yv04l30y3lwf89w0000gp/T/XcodeDistPipeline.YFl/Packages/HomeworkAssistant.ipa'
2018-12-10 09:21:25 +0000  >>> Copying /var/folders/4d/zk6mngq54yv04l30y3lwf89w0000gp/T/XcodeDistPipeline.YFl/Root 
2018-12-10 09:21:25 +0000  copying file ./Payload/HomeworkAssistant.app/_CodeSignature/CodeResources ... 
2018-12-10 09:21:25 +0000  65249 bytes for ./Payload/HomeworkAssistant.app/_CodeSignature/CodeResources
2018-12-10 09:21:25 +0000  copying file ./Payload/HomeworkAssistant.app/首页头图@3x.png ... 
2018-12-10 09:21:25 +0000  209640 bytes for ./Payload/HomeworkAssistant.app/首页头图@3x.png
copying file ./Payload/HomeworkAssistant.app/分享给同学@2x.png ... 
2018-12-10 09:21:25 +0000  5469 bytes for ./Payload/HomeworkAssistant.app/分享给同学@2x.png
copying file ./Payload/HomeworkAssistant.app/qq@2x.png ... 
1391 bytes for ./Payload/HomeworkAssistant.app/qq@2x.png
copying file ./Payload/HomeworkAssistant.app/用户好评@2x.png ... 
1796 bytes for ./Payload/HomeworkAssistant.app/用户好评@2x.png
copying file ./Payload/HomeworkAssistant.app/空状态@3x.png ... 
2018-12-10 09:21:25 +0000  49357 bytes for ./Payload/HomeworkAssistant.app/空状态@3x.png
copying file ./Payload/HomeworkAssistant.app/我的-激活@2x.png ... 
2018-12-10 09:21:25 +0000  3074 bytes for ./Payload/HomeworkAssistant.app/我的-激活@2x.png
copying file ./Payload/HomeworkAssistant.app/我的-激活@3x.png ... 
4609 bytes for ./Payload/HomeworkAssistant.app/我的-激活@3x.png
copying file ./Payload/HomeworkAssistant.app/SGQRCode.bundle/sound.caf ... 
2018-12-10 09:21:25 +0000  129556 bytes for ./Payload/HomeworkAssistant.app/SGQRCode.bundle/sound.caf
2018-12-10 09:21:25 +0000  copying file ./Payload/HomeworkAssistant.app/SGQRCode.bundle/en.lproj/Root.strings ... 
546 bytes for ./Payload/HomeworkAssistant.app/SGQRCode.bundle/en.lproj/Root.strings
copying file ./Payload/HomeworkAssistant.app/SGQRCode.bundle/QRCodeScanningLineGrid@2x.png ... 
7999 bytes for ./Payload/HomeworkAssistant.app/SGQRCode.bundle/QRCodeScanningLineGrid@2x.png
copying file ./Payload/HomeworkAssistant.app/SGQRCode.bundle/QRCodeScanningLineGrid@3x.png ... 
2018-12-10 09:21:25 +0000  14817 bytes for ./Payload/HomeworkAssistant.app/SGQRCode.bundle/QRCodeScanningLineGrid@3x.png
copying file ./Payload/HomeworkAssistant.app/SGQRCode.bundle/Root.plist ... 
2018-12-10 09:21:25 +0000  1456 bytes for ./Payload/HomeworkAssistant.app/SGQRCode.bundle/Root.plist
copying file ./Payload/HomeworkAssistant.app/SGQRCode.bundle/QRCodeScanningLine@3x.png ... 
2018-12-10 09:21:25 +0000  3891 bytes for ./Payload/HomeworkAssistant.app/SGQRCode.bundle/QRCodeScanningLine@3x.png
2018-12-10 09:21:25 +0000  copying file ./Payload/HomeworkAssistant.app/SGQRCode.bundle/QRCodeScanningLine@2x.png ... 
2018-12-10 09:21:25 +0000  2231 bytes for ./Payload/HomeworkAssistant.app/SGQRCode.bundle/QRCodeScanningLine@2x.png
copying file ./Payload/HomeworkAssistant.app/空状态@2x.png ... 
2018-12-10 09:21:25 +0000  30976 bytes for ./Payload/HomeworkAssistant.app/空状态@2x.png
copying file ./Payload/HomeworkAssistant.app/用户好评@3x.png ... 
2018-12-10 09:21:25 +0000  2602 bytes for ./Payload/HomeworkAssistant.app/用户好评@3x.png
copying file ./Payload/HomeworkAssistant.app/qq@3x.png ... 
2030 bytes for ./Payload/HomeworkAssistant.app/qq@3x.png
copying file ./Payload/HomeworkAssistant.app/分享给同学@3x.png ... 
7852 bytes for ./Payload/HomeworkAssistant.app/分享给同学@3x.png
copying file ./Payload/HomeworkAssistant.app/首页头图@2x.png ... 
2018-12-10 09:21:25 +0000  112003 bytes for ./Payload/HomeworkAssistant.app/首页头图@2x.png
2018-12-10 09:21:25 +0000  copying file ./Payload/HomeworkAssistant.app/MJRefresh.bundle/zh-Hans.lproj/Localizable.strings ... 
1194 bytes for ./Payload/HomeworkAssistant.app/MJRefresh.bundle/zh-Hans.lproj/Localizable.strings
copying file ./Payload/HomeworkAssistant.app/MJRefresh.bundle/en.lproj/Localizable.strings ... 
1372 bytes for ./Payload/HomeworkAssistant.app/MJRefresh.bundle/en.lproj/Localizable.strings
copying file ./Payload/HomeworkAssistant.app/MJRefresh.bundle/arrow@2x.png ... 
1033 bytes for ./Payload/HomeworkAssistant.app/MJRefresh.bundle/arrow@2x.png
copying file ./Payload/HomeworkAssistant.app/MJRefresh.bundle/zh-Hant.lproj/Localizable.strings ... 
773 bytes for ./Payload/HomeworkAssistant.app/MJRefresh.bundle/zh-Hant.lproj/Localizable.strings
copying file ./Payload/HomeworkAssistant.app/UMSocialSDKResources.bundle/UMSocialWaterMark/umsocial_defaultwatermark.png ... 
2018-12-10 09:21:25 +0000  3003 bytes for ./Payload/HomeworkAssistant.app/UMSocialSDKResources.bundle/UMSocialWaterMark/umsocial_defaultwatermark.png
2018-12-10 09:21:25 +0000  copying file ./Payload/HomeworkAssistant.app/UMSocialSDKResources.bundle/zh-Hans.lproj/UMSocialLocalizable.strings ... 
2018-12-10 09:21:25 +0000  6740 bytes for ./Payload/HomeworkAssistant.app/UMSocialSDKResources.bundle/zh-Hans.lproj/UMSocialLocalizable.strings
2018-12-10 09:21:25 +0000  copying file ./Payload/HomeworkAssistant.app/UMSocialSDKResources.bundle/en.lproj/UMSocialLocalizable.strings ... 
2018-12-10 09:21:25 +0000  6554 bytes for ./Payload/HomeworkAssistant.app/UMSocialSDKResources.bundle/en.lproj/UMSocialLocalizable.strings
2018-12-10 09:21:25 +0000  copying file ./Payload/HomeworkAssistant.app/UMSocialSDKResources.bundle/Buttons/UMS_nav_button_close@2x.png ... 
2018-12-10 09:21:25 +0000  500 bytes for ./Payload/HomeworkAssistant.app/UMSocialSDKResources.bundle/Buttons/UMS_nav_button_close@2x.png
copying file ./Payload/HomeworkAssistant.app/UMSocialSDKResources.bundle/Buttons/UMS_url_image@2x.png ... 
2018-12-10 09:21:25 +0000  1562 bytes for ./Payload/HomeworkAssistant.app/UMSocialSDKResources.bundle/Buttons/UMS_url_image@2x.png
copying file ./Payload/HomeworkAssistant.app/UMSocialSDKResources.bundle/Buttons/UMS_url_music@2x.png ... 
2018-12-10 09:21:25 +0000  1771 bytes for ./Payload/HomeworkAssistant.app/UMSocialSDKResources.bundle/Buttons/UMS_url_music@2x.png
copying file ./Payload/HomeworkAssistant.app/UMSocialSDKResources.bundle/Buttons/UMS_add_friend_off@2x.png ... 
2018-12-10 09:21:25 +0000  134 bytes for ./Payload/HomeworkAssistant.app/UMSocialSDKResources.bundle/Buttons/UMS_add_friend_off@2x.png
copying file ./Payload/HomeworkAssistant.app/UMSocialSDKResources.bundle/Buttons/UMS_delete_image_button_normal@2x.png ... 
2018-12-10 09:21:25 +0000  891 bytes for ./Payload/HomeworkAssistant.app/UMSocialSDKResources.bundle/Buttons/UMS_delete_image_button_normal@2x.png
copying file ./Payload/HomeworkAssistant.app/UMSocialSDKResources.bundle/Buttons/UMS_nav_button_send@2x.png ... 
2018-12-10 09:21:25 +0000  1624 bytes for ./Payload/HomeworkAssistant.app/UMSocialSDKResources.bundle/Buttons/UMS_nav_button_send@2x.png
copying file ./Payload/HomeworkAssistant.app/UMSocialSDKResources.bundle/Buttons/UMS_url_video@2x.png ... 
2018-12-10 09:21:25 +0000  2062 bytes for ./Payload/HomeworkAssistant.app/UMSocialSDKResources.bundle/Buttons/UMS_url_video@2x.png
2018-12-10 09:21:25 +0000  copying file ./Payload/HomeworkAssistant.app/UMSocialSDKResources.bundle/UMSocialPlatformTheme/default/umsocial_renren.png ... 
2018-12-10 09:21:25 +0000  1529 bytes for ./Payload/HomeworkAssistant.app/UMSocialSDKResources.bundle/UMSocialPlatformTheme/default/umsocial_renren.png
2018-12-10 09:21:25 +0000  copying file ./Payload/HomeworkAssistant.app/UMSocialSDKResources.bundle/UMSocialPlatformTheme/default/umsocial_default.png ... 
2018-12-10 09:21:25 +0000  4203 bytes for ./Payload/HomeworkAssistant.app/UMSocialSDKResources.bundle/UMSocialPlatformTheme/default/umsocial_default.png
copying file ./Payload/HomeworkAssistant.app/UMSocialSDKResources.bundle/UMSocialPlatformTheme/default/umsocial_pinterest.png ... 
2018-12-10 09:21:25 +0000  1987 bytes for ./Payload/HomeworkAssistant.app/UMSocialSDKResources.bundle/UMSocialPlatformTheme/default/umsocial_pinterest.png
2018-12-10 09:21:25 +0000  copying file ./Payload/HomeworkAssistant.app/UMSocialSDKResources.bundle/UMSocialPlatformTheme/default/umsocial_alipay.png ... 
2018-12-10 09:21:25 +0000  1370 bytes for ./Payload/HomeworkAssistant.app/UMSocialSDKResources.bundle/UMSocialPlatformTheme/default/umsocial_alipay.png
copying file ./Payload/HomeworkAssistant.app/UMSocialSDKResources.bundle/UMSocialPlatformTheme/default/umsocial_yixin_session.png ... 
2018-12-10 09:21:25 +0000  1833 bytes for ./Payload/HomeworkAssistant.app/UMSocialSDKResources.bundle/UMSocialPlatformTheme/default/umsocial_yixin_session.png
2018-12-10 09:21:25 +0000  copying file ./Payload/HomeworkAssistant.app/UMSocialSDKResources.bundle/UMSocialPlatformTheme/default/umsocial_vkontakte.png ... 
2018-12-10 09:21:25 +0000  1867 bytes for ./Payload/HomeworkAssistant.app/UMSocialSDKResources.bundle/UMSocialPlatformTheme/default/umsocial_vkontakte.png
copying file ./Payload/HomeworkAssistant.app/UMSocialSDKResources.bundle/UMSocialPlatformTheme/default/umsocial_tim.png ... 
2018-12-10 09:21:25 +0000  2597 bytes for ./Payload/HomeworkAssistant.app/UMSocialSDKResources.bundle/UMSocialPlatformTheme/default/umsocial_tim.png
copying file ./Payload/HomeworkAssistant.app/UMSocialSDKResources.bundle/UMSocialPlatformTheme/default/umsocial_lw_session.png ... 
2018-12-10 09:21:25 +0000  2391 bytes for ./Payload/HomeworkAssistant.app/UMSocialSDKResources.bundle/UMSocialPlatformTheme/default/umsocial_lw_session.png
copying file ./Payload/HomeworkAssistant.app/UMSocialSDKResources.bundle/UMSocialPlatformTheme/default/umsocial_linkedin.png ... 
2018-12-10 09:21:25 +0000  1637 bytes for ./Payload/HomeworkAssistant.app/UMSocialSDKResources.bundle/UMSocialPlatformTheme/default/umsocial_linkedin.png
copying file ./Payload/HomeworkAssistant.app/UMSocialSDKResources.bundle/UMSocialPlatformTheme/default/umsocial_yixin_favorite.png ... 
2018-12-10 09:21:25 +0000  4145 bytes for ./Payload/HomeworkAssistant.app/UMSocialSDKResources.bundle/UMSocialPlatformTheme/default/umsocial_yixin_favorite.png
copying file ./Payload/HomeworkAssistant.app/UMSocialSDKResources.bundle/UMSocialPlatformTheme/default/umsocial_youdaonote.png ... 
2018-12-10 09:21:25 +0000  1158 bytes for ./Payload/HomeworkAssistant.app/UMSocialSDKResources.bundle/UMSocialPlatformTheme/default/umsocial_youdaonote.png
2018-12-10 09:21:25 +0000  copying file ./Payload/HomeworkAssistant.app/UMSocialSDKResources.bundle/UMSocialPlatformTheme/default/umsocial_flickr.png ... 
2018-12-10 09:21:25 +0000  979 bytes for ./Payload/HomeworkAssistant.app/UMSocialSDKResources.bundle/UMSocialPlatformTheme/default/umsocial_flickr.png
copying file ./Payload/HomeworkAssistant.app/UMSocialSDKResources.bundle/UMSocialPlatformTheme/default/umsocial_line.png ... 
2018-12-10 09:21:25 +0000  1720 bytes for ./Payload/HomeworkAssistant.app/UMSocialSDKResources.bundle/UMSocialPlatformTheme/default/umsocial_line.png
copying file ./Payload/HomeworkAssistant.app/UMSocialSDKResources.bundle/UMSocialPlatformTheme/default/umsocial_email.png ... 
2018-12-10 09:21:25 +0000  1211 bytes for ./Payload/HomeworkAssistant.app/UMSocialSDKResources.bundle/UMSocialPlatformTheme/default/umsocial_email.png
2018-12-10 09:21:25 +0000  copying file ./Payload/HomeworkAssistant.app/UMSocialSDKResources.bundle/UMSocialPlatformTheme/default/umsocial_sms.png ... 
2018-12-10 09:21:25 +0000  1127 bytes for ./Payload/HomeworkAssistant.app/UMSocialSDKResources.bundle/UMSocialPlatformTheme/default/umsocial_sms.png
copying file ./Payload/HomeworkAssistant.app/UMSocialSDKResources.bundle/UMSocialPlatformTheme/default/umsocial_evernote.png ... 
2018-12-10 09:21:25 +0000  1267 bytes for ./Payload/HomeworkAssistant.app/UMSocialSDKResources.bundle/UMSocialPlatformTheme/default/umsocial_evernote.png
2018-12-10 09:21:25 +0000  copying file ./Payload/HomeworkAssistant.app/UMSocialSDKResources.bundle/UMSocialPlatformTheme/default/umsocial_twitter.png ... 
2018-12-10 09:21:25 +0000  1442 bytes for ./Payload/HomeworkAssistant.app/UMSocialSDKResources.bundle/UMSocialPlatformTheme/default/umsocial_twitter.png
2018-12-10 09:21:25 +0000  copying file ./Payload/HomeworkAssistant.app/UMSocialSDKResources.bundle/UMSocialPlatformTheme/default/umsocial_whatsapp.png ... 
2018-12-10 09:21:25 +0000  1832 bytes for ./Payload/HomeworkAssistant.app/UMSocialSDKResources.bundle/UMSocialPlatformTheme/default/umsocial_whatsapp.png
copying file ./Payload/HomeworkAssistant.app/UMSocialSDKResources.bundle/UMSocialPlatformTheme/default/umsocial_googleplus.png ... 
2018-12-10 09:21:25 +0000  2320 bytes for ./Payload/HomeworkAssistant.app/UMSocialSDKResources.bundle/UMSocialPlatformTheme/default/umsocial_googleplus.png
copying file ./Payload/HomeworkAssistant.app/UMSocialSDKResources.bundle/UMSocialPlatformTheme/default/umsocial_douban.png ... 
2018-12-10 09:21:25 +0000  813 bytes for ./Payload/HomeworkAssistant.app/UMSocialSDKResources.bundle/UMSocialPlatformTheme/default/umsocial_douban.png
copying file ./Payload/HomeworkAssistant.app/UMSocialSDKResources.bundle/UMSocialPlatformTheme/default/umsocial_lw_timeline.png ... 
2018-12-10 09:21:25 +0000  1139 bytes for ./Payload/HomeworkAssistant.app/UMSocialSDKResources.bundle/UMSocialPlatformTheme/default/umsocial_lw_timeline.png
copying file ./Payload/HomeworkAssistant.app/UMSocialSDKResources.bundle/UMSocialPlatformTheme/default/umsocial_facebook.png ... 
2018-12-10 09:21:25 +0000  1468 bytes for ./Payload/HomeworkAssistant.app/UMSocialSDKResources.bundle/UMSocialPlatformTheme/default/umsocial_facebook.png
2018-12-10 09:21:25 +0000  copying file ./Payload/HomeworkAssistant.app/UMSocialSDKResources.bundle/UMSocialPlatformTheme/default/umsocial_dingding.png ... 
2018-12-10 09:21:25 +0000  1390 bytes for ./Payload/HomeworkAssistant.app/UMSocialSDKResources.bundle/UMSocialPlatformTheme/default/umsocial_dingding.png
copying file ./Payload/HomeworkAssistant.app/UMSocialSDKResources.bundle/UMSocialPlatformTheme/default/umsocial_wechat.png ... 
2018-12-10 09:21:25 +0000  1628 bytes for ./Payload/HomeworkAssistant.app/UMSocialSDKResources.bundle/UMSocialPlatformTheme/default/umsocial_wechat.png
copying file ./Payload/HomeworkAssistant.app/UMSocialSDKResources.bundle/UMSocialPlatformTheme/default/umsocial_yixin_timeline.png ... 
2018-12-10 09:21:25 +0000  2199 bytes for ./Payload/HomeworkAssistant.app/UMSocialSDKResources.bundle/UMSocialPlatformTheme/default/umsocial_yixin_timeline.png
copying file ./Payload/HomeworkAssistant.app/UMSocialSDKResources.bundle/UMSocialPlatformTheme/default/umsocial_dropbox.png ... 
2018-12-10 09:21:25 +0000  1692 bytes for ./Payload/HomeworkAssistant.app/UMSocialSDKResources.bundle/UMSocialPlatformTheme/default/umsocial_dropbox.png
2018-12-10 09:21:25 +0000  copying file ./Payload/HomeworkAssistant.app/UMSocialSDKResources.bundle/UMSocialPlatformTheme/default/umsocial_pocket.png ... 
2018-12-10 09:21:25 +0000  1405 bytes for ./Payload/HomeworkAssistant.app/UMSocialSDKResources.bundle/UMSocialPlatformTheme/default/umsocial_pocket.png
copying file ./Payload/HomeworkAssistant.app/UMSocialSDKResources.bundle/UMSocialPlatformTheme/default/umsocial_wechat_timeline.png ... 
2018-12-10 09:21:25 +0000  1506 bytes for ./Payload/HomeworkAssistant.app/UMSocialSDKResources.bundle/UMSocialPlatformTheme/default/umsocial_wechat_timeline.png
copying file ./Payload/HomeworkAssistant.app/UMSocialSDKResources.bundle/UMSocialPlatformTheme/default/umsocial_tencentWB.png ... 
2018-12-10 09:21:25 +0000  1943 bytes for ./Payload/HomeworkAssistant.app/UMSocialSDKResources.bundle/UMSocialPlatformTheme/default/umsocial_tencentWB.png
2018-12-10 09:21:25 +0000  copying file ./Payload/HomeworkAssistant.app/UMSocialSDKResources.bundle/UMSocialPlatformTheme/default/umsocial_wechat_favorite.png ... 
2018-12-10 09:21:25 +0000  1179 bytes for ./Payload/HomeworkAssistant.app/UMSocialSDKResources.bundle/UMSocialPlatformTheme/default/umsocial_wechat_favorite.png
copying file ./Payload/HomeworkAssistant.app/UMSocialSDKResources.bundle/UMSocialPlatformTheme/default/umsocial_sina.png ... 
2018-12-10 09:21:25 +0000  2581 bytes for ./Payload/HomeworkAssistant.app/UMSocialSDKResources.bundle/UMSocialPlatformTheme/default/umsocial_sina.png
copying file ./Payload/HomeworkAssistant.app/UMSocialSDKResources.bundle/UMSocialPlatformTheme/default/umsocial_tumblr.png ... 
2018-12-10 09:21:25 +0000  1564 bytes for ./Payload/HomeworkAssistant.app/UMSocialSDKResources.bundle/UMSocialPlatformTheme/default/umsocial_tumblr.png
2018-12-10 09:21:25 +0000  copying file ./Payload/HomeworkAssistant.app/UMSocialSDKResources.bundle/UMSocialPlatformTheme/default/umsocial_kakaoTalk.png ... 
2018-12-10 09:21:25 +0000  1893 bytes for ./Payload/HomeworkAssistant.app/UMSocialSDKResources.bundle/UMSocialPlatformTheme/default/umsocial_kakaoTalk.png
copying file ./Payload/HomeworkAssistant.app/UMSocialSDKResources.bundle/UMSocialPlatformTheme/default/umsocial_facebookmessenger.png ... 
2018-12-10 09:21:25 +0000  1749 bytes for ./Payload/HomeworkAssistant.app/UMSocialSDKResources.bundle/UMSocialPlatformTheme/default/umsocial_facebookmessenger.png
2018-12-10 09:21:25 +0000  copying file ./Payload/HomeworkAssistant.app/UMSocialSDKResources.bundle/UMSocialPlatformTheme/default/umsocial_qzone.png ... 
2018-12-10 09:21:25 +0000  2083 bytes for ./Payload/HomeworkAssistant.app/UMSocialSDKResources.bundle/UMSocialPlatformTheme/default/umsocial_qzone.png
copying file ./Payload/HomeworkAssistant.app/UMSocialSDKResources.bundle/UMSocialPlatformTheme/default/umsocial_qq.png ... 
2018-12-10 09:21:25 +0000  3505 bytes for ./Payload/HomeworkAssistant.app/UMSocialSDKResources.bundle/UMSocialPlatformTheme/default/umsocial_qq.png
copying file ./Payload/HomeworkAssistant.app/UMSocialSDKResources.bundle/UMSocialPlatformTheme/default/umsocial_instagram.png ... 
2018-12-10 09:21:25 +0000  1952 bytes for ./Payload/HomeworkAssistant.app/UMSocialSDKResources.bundle/UMSocialPlatformTheme/default/umsocial_instagram.png
2018-12-10 09:21:25 +0000  copying file ./Payload/HomeworkAssistant.app/搜索@3x.png ... 
2018-12-10 09:21:25 +0000  3361 bytes for ./Payload/HomeworkAssistant.app/搜索@3x.png
copying file ./Payload/HomeworkAssistant.app/标签-向下箭头@3x.png ... 
2018-12-10 09:21:25 +0000  568 bytes for ./Payload/HomeworkAssistant.app/标签-向下箭头@3x.png
2018-12-10 09:21:25 +0000  copying file ./Payload/HomeworkAssistant.app/标签-向上箭头@3x.png ... 
2018-12-10 09:21:25 +0000  573 bytes for ./Payload/HomeworkAssistant.app/标签-向上箭头@3x.png
copying file ./Payload/HomeworkAssistant.app/返回@3x.png ... 
2018-12-10 09:21:25 +0000  2220 bytes for ./Payload/HomeworkAssistant.app/返回@3x.png
2018-12-10 09:21:25 +0000  copying file ./Payload/HomeworkAssistant.app/切图/首页头图@3x.png ... 
2018-12-10 09:21:25 +0000  424036 bytes for ./Payload/HomeworkAssistant.app/切图/首页头图@3x.png
2018-12-10 09:21:25 +0000  copying file ./Payload/HomeworkAssistant.app/切图/下拉@3x.png ... 
1254 bytes for ./Payload/HomeworkAssistant.app/切图/下拉@3x.png
copying file ./Payload/HomeworkAssistant.app/切图/用户好评@2x.png ... 
1907 bytes for ./Payload/HomeworkAssistant.app/切图/用户好评@2x.png
copying file ./Payload/HomeworkAssistant.app/切图/空状态@3x.png ... 
2018-12-10 09:21:25 +0000  73244 bytes for ./Payload/HomeworkAssistant.app/切图/空状态@3x.png
copying file ./Payload/HomeworkAssistant.app/切图/我的-激活@2x.png ... 
2018-12-10 09:21:25 +0000  3651 bytes for ./Payload/HomeworkAssistant.app/切图/我的-激活@2x.png
copying file ./Payload/HomeworkAssistant.app/切图/学习-icon@2x.png ... 
1607 bytes for ./Payload/HomeworkAssistant.app/切图/学习-icon@2x.png
copying file ./Payload/HomeworkAssistant.app/切图/学习-icon@3x.png ... 
2608 bytes for ./Payload/HomeworkAssistant.app/切图/学习-icon@3x.png
copying file ./Payload/HomeworkAssistant.app/切图/我的-激活@3x.png ... 
5742 bytes for ./Payload/HomeworkAssistant.app/切图/我的-激活@3x.png
copying file ./Payload/HomeworkAssistant.app/切图/空状态@2x.png ... 
2018-12-10 09:21:25 +0000  42821 bytes for ./Payload/HomeworkAssistant.app/切图/空状态@2x.png
copying file ./Payload/HomeworkAssistant.app/切图/用户好评@3x.png ... 
2018-12-10 09:21:25 +0000  2934 bytes for ./Payload/HomeworkAssistant.app/切图/用户好评@3x.png
copying file ./Payload/HomeworkAssistant.app/切图/下拉@2x.png ... 
830 bytes for ./Payload/HomeworkAssistant.app/切图/下拉@2x.png
copying file ./Payload/HomeworkAssistant.app/切图/首页头图@2x.png ... 
2018-12-10 09:21:25 +0000  218455 bytes for ./Payload/HomeworkAssistant.app/切图/首页头图@2x.png
copying file ./Payload/HomeworkAssistant.app/切图/搜索@3x.png ... 
2018-12-10 09:21:25 +0000  4171 bytes for ./Payload/HomeworkAssistant.app/切图/搜索@3x.png
copying file ./Payload/HomeworkAssistant.app/切图/返回@3x.png ... 
2681 bytes for ./Payload/HomeworkAssistant.app/切图/返回@3x.png
copying file ./Payload/HomeworkAssistant.app/切图/清除历史@3x.png ... 
1533 bytes for ./Payload/HomeworkAssistant.app/切图/清除历史@3x.png
copying file ./Payload/HomeworkAssistant.app/切图/分享到QQ@2x.png ... 
4404 bytes for ./Payload/HomeworkAssistant.app/切图/分享到QQ@2x.png
copying file ./Payload/HomeworkAssistant.app/切图/分享应用@3x.png ... 
3268 bytes for ./Payload/HomeworkAssistant.app/切图/分享应用@3x.png
copying file ./Payload/HomeworkAssistant.app/切图/分享应用@2x.png ... 
2018-12-10 09:21:25 +0000  2050 bytes for ./Payload/HomeworkAssistant.app/切图/分享应用@2x.png
copying file ./Payload/HomeworkAssistant.app/切图/分享到QQ@3x.png ... 
2018-12-10 09:21:25 +0000  7142 bytes for ./Payload/HomeworkAssistant.app/切图/分享到QQ@3x.png
copying file ./Payload/HomeworkAssistant.app/切图/清除历史@2x.png ... 
2018-12-10 09:21:25 +0000  1065 bytes for ./Payload/HomeworkAssistant.app/切图/清除历史@2x.png
copying file ./Payload/HomeworkAssistant.app/切图/返回@2x.png ... 
2018-12-10 09:21:25 +0000  1762 bytes for ./Payload/HomeworkAssistant.app/切图/返回@2x.png
copying file ./Payload/HomeworkAssistant.app/切图/搜索@2x.png ... 
2018-12-10 09:21:25 +0000  2434 bytes for ./Payload/HomeworkAssistant.app/切图/搜索@2x.png
copying file ./Payload/HomeworkAssistant.app/切图/分享到微信@3x.png ... 
2018-12-10 09:21:25 +0000  10547 bytes for ./Payload/HomeworkAssistant.app/切图/分享到微信@3x.png
copying file ./Payload/HomeworkAssistant.app/切图/修改信息@3x.png ... 
2018-12-10 09:21:25 +0000  2830 bytes for ./Payload/HomeworkAssistant.app/切图/修改信息@3x.png
copying file ./Payload/HomeworkAssistant.app/切图/用户反馈@3x.png ... 
2018-12-10 09:21:25 +0000  1875 bytes for ./Payload/HomeworkAssistant.app/切图/用户反馈@3x.png
2018-12-10 09:21:25 +0000  copying file ./Payload/HomeworkAssistant.app/切图/扫一扫@3x.png ... 
2018-12-10 09:21:25 +0000  1638 bytes for ./Payload/HomeworkAssistant.app/切图/扫一扫@3x.png
copying file ./Payload/HomeworkAssistant.app/切图/我的-未激活@2x.png ... 
2018-12-10 09:21:25 +0000  3393 bytes for ./Payload/HomeworkAssistant.app/切图/我的-未激活@2x.png
copying file ./Payload/HomeworkAssistant.app/切图/logo@3x.png ... 
2018-12-10 09:21:25 +0000  88395 bytes for ./Payload/HomeworkAssistant.app/切图/logo@3x.png
copying file ./Payload/HomeworkAssistant.app/切图/管理@3x.png ... 
2018-12-10 09:21:25 +0000  4392 bytes for ./Payload/HomeworkAssistant.app/切图/管理@3x.png
copying file ./Payload/HomeworkAssistant.app/切图/Group 3@3x.png ... 
2018-12-10 09:21:25 +0000  102732 bytes for ./Payload/HomeworkAssistant.app/切图/Group 3@3x.png
copying file ./Payload/HomeworkAssistant.app/切图/检查更新@2x.png ... 
2018-12-10 09:21:25 +0000  3136 bytes for ./Payload/HomeworkAssistant.app/切图/检查更新@2x.png
copying file ./Payload/HomeworkAssistant.app/切图/检查更新@3x.png ... 
5010 bytes for ./Payload/HomeworkAssistant.app/切图/检查更新@3x.png
copying file ./Payload/HomeworkAssistant.app/切图/Group 3@2x.png ... 
2018-12-10 09:21:25 +0000  59987 bytes for ./Payload/HomeworkAssistant.app/切图/Group 3@2x.png
copying file ./Payload/HomeworkAssistant.app/切图/管理@2x.png ... 
2018-12-10 09:21:25 +0000  2490 bytes for ./Payload/HomeworkAssistant.app/切图/管理@2x.png
copying file ./Payload/HomeworkAssistant.app/切图/logo@2x.png ... 
2018-12-10 09:21:25 +0000  45156 bytes for ./Payload/HomeworkAssistant.app/切图/logo@2x.png
copying file ./Payload/HomeworkAssistant.app/切图/我的-未激活@3x.png ... 
2018-12-10 09:21:25 +0000  5275 bytes for ./Payload/HomeworkAssistant.app/切图/我的-未激活@3x.png
copying file ./Payload/HomeworkAssistant.app/切图/扫一扫@2x.png ... 
2018-12-10 09:21:25 +0000  854 bytes for ./Payload/HomeworkAssistant.app/切图/扫一扫@2x.png
copying file ./Payload/HomeworkAssistant.app/切图/用户反馈@2x.png ... 
2018-12-10 09:21:25 +0000  1215 bytes for ./Payload/HomeworkAssistant.app/切图/用户反馈@2x.png
2018-12-10 09:21:25 +0000  copying file ./Payload/HomeworkAssistant.app/切图/修改信息@2x.png ... 
2018-12-10 09:21:25 +0000  1859 bytes for ./Payload/HomeworkAssistant.app/切图/修改信息@2x.png
copying file ./Payload/HomeworkAssistant.app/切图/分享到微信@2x.png ... 
2018-12-10 09:21:25 +0000  6535 bytes for ./Payload/HomeworkAssistant.app/切图/分享到微信@2x.png
copying file ./Payload/HomeworkAssistant.app/切图/分享@3x.png ... 
2018-12-10 09:21:25 +0000  1171 bytes for ./Payload/HomeworkAssistant.app/切图/分享@3x.png
2018-12-10 09:21:25 +0000  copying file ./Payload/HomeworkAssistant.app/切图/学习-未激活@3x.png ... 
2018-12-10 09:21:25 +0000  2500 bytes for ./Payload/HomeworkAssistant.app/切图/学习-未激活@3x.png
copying file ./Payload/HomeworkAssistant.app/切图/返回-黑色@2x.png ... 
2018-12-10 09:21:25 +0000  2059 bytes for ./Payload/HomeworkAssistant.app/切图/返回-黑色@2x.png
2018-12-10 09:21:25 +0000  copying file ./Payload/HomeworkAssistant.app/切图/返回-黑色@3x.png ... 
2018-12-10 09:21:25 +0000  3105 bytes for ./Payload/HomeworkAssistant.app/切图/返回-黑色@3x.png
copying file ./Payload/HomeworkAssistant.app/切图/学习-未激活@2x.png ... 
2018-12-10 09:21:25 +0000  1571 bytes for ./Payload/HomeworkAssistant.app/切图/学习-未激活@2x.png
2018-12-10 09:21:25 +0000  copying file ./Payload/HomeworkAssistant.app/切图/分享@2x.png ... 
2018-12-10 09:21:25 +0000  777 bytes for ./Payload/HomeworkAssistant.app/切图/分享@2x.png
copying file ./Payload/HomeworkAssistant.app/清除历史@3x.png ... 
2018-12-10 09:21:25 +0000  1416 bytes for ./Payload/HomeworkAssistant.app/清除历史@3x.png
2018-12-10 09:21:25 +0000  copying file ./Payload/HomeworkAssistant.app/学习-激活@3x.png ... 
2018-12-10 09:21:25 +0000  1965 bytes for ./Payload/HomeworkAssistant.app/学习-激活@3x.png
copying file ./Payload/HomeworkAssistant.app/分享应用@3x.png ... 
2018-12-10 09:21:25 +0000  2783 bytes for ./Payload/HomeworkAssistant.app/分享应用@3x.png
copying file ./Payload/HomeworkAssistant.app/分享应用@2x.png ... 
2018-12-10 09:21:25 +0000  1896 bytes for ./Payload/HomeworkAssistant.app/分享应用@2x.png
copying file ./Payload/HomeworkAssistant.app/学习-激活@2x.png ... 
2018-12-10 09:21:25 +0000  1337 bytes for ./Payload/HomeworkAssistant.app/学习-激活@2x.png
copying file ./Payload/HomeworkAssistant.app/清除历史@2x.png ... 
2018-12-10 09:21:25 +0000  659 bytes for ./Payload/HomeworkAssistant.app/清除历史@2x.png
copying file ./Payload/HomeworkAssistant.app/返回@2x.png ... 
2018-12-10 09:21:25 +0000  1511 bytes for ./Payload/HomeworkAssistant.app/返回@2x.png
2018-12-10 09:21:25 +0000  copying file ./Payload/HomeworkAssistant.app/标签-向下箭头@2x.png ... 
2018-12-10 09:21:25 +0000  220 bytes for ./Payload/HomeworkAssistant.app/标签-向下箭头@2x.png
copying file ./Payload/HomeworkAssistant.app/标签-向上箭头@2x.png ... 
2018-12-10 09:21:25 +0000  231 bytes for ./Payload/HomeworkAssistant.app/标签-向上箭头@2x.png
copying file ./Payload/HomeworkAssistant.app/HomeworkAssistant ... 
2018-12-10 09:21:26 +0000  4973168 bytes for ./Payload/HomeworkAssistant.app/HomeworkAssistant
copying file ./Payload/HomeworkAssistant.app/搜索@2x.png ... 
2018-12-10 09:21:26 +0000  2271 bytes for ./Payload/HomeworkAssistant.app/搜索@2x.png
copying file ./Payload/HomeworkAssistant.app/Base.lproj/LaunchScreen.storyboardc/01J-lp-oVM-view-Ze5-6b-2t3.nib ... 
1986 bytes for ./Payload/HomeworkAssistant.app/Base.lproj/LaunchScreen.storyboardc/01J-lp-oVM-view-Ze5-6b-2t3.nib
copying file ./Payload/HomeworkAssistant.app/Base.lproj/LaunchScreen.storyboardc/UIViewController-01J-lp-oVM.nib ... 
832 bytes for ./Payload/HomeworkAssistant.app/Base.lproj/LaunchScreen.storyboardc/UIViewController-01J-lp-oVM.nib
2018-12-10 09:21:26 +0000  copying file ./Payload/HomeworkAssistant.app/Base.lproj/LaunchScreen.storyboardc/Info.plist ... 
258 bytes for ./Payload/HomeworkAssistant.app/Base.lproj/LaunchScreen.storyboardc/Info.plist
2018-12-10 09:21:26 +0000  copying file ./Payload/HomeworkAssistant.app/修改信息@3x.png ... 
2018-12-10 09:21:26 +0000  2356 bytes for ./Payload/HomeworkAssistant.app/修改信息@3x.png
copying file ./Payload/HomeworkAssistant.app/第三方登录-渐变分割线@2x.png ... 
2018-12-10 09:21:26 +0000  1577 bytes for ./Payload/HomeworkAssistant.app/第三方登录-渐变分割线@2x.png
2018-12-10 09:21:26 +0000  copying file ./Payload/HomeworkAssistant.app/用户反馈@3x.png ... 
2018-12-10 09:21:26 +0000  1440 bytes for ./Payload/HomeworkAssistant.app/用户反馈@3x.png
copying file ./Payload/HomeworkAssistant.app/扫一扫@3x.png ... 
2018-12-10 09:21:26 +0000  1331 bytes for ./Payload/HomeworkAssistant.app/扫一扫@3x.png
copying file ./Payload/HomeworkAssistant.app/我的-未激活@2x.png ... 
2018-12-10 09:21:26 +0000  2959 bytes for ./Payload/HomeworkAssistant.app/我的-未激活@2x.png
copying file ./Payload/HomeworkAssistant.app/logo@3x.png ... 
2018-12-10 09:21:26 +0000  63242 bytes for ./Payload/HomeworkAssistant.app/logo@3x.png
2018-12-10 09:21:26 +0000  copying file ./Payload/HomeworkAssistant.app/管理@3x.png ... 
5403 bytes for ./Payload/HomeworkAssistant.app/管理@3x.png
copying file ./Payload/HomeworkAssistant.app/Assets.car ... 
29048 bytes for ./Payload/HomeworkAssistant.app/Assets.car
copying file ./Payload/HomeworkAssistant.app/检查更新@2x.png ... 
2018-12-10 09:21:26 +0000  2910 bytes for ./Payload/HomeworkAssistant.app/检查更新@2x.png
copying file ./Payload/HomeworkAssistant.app/检查更新@3x.png ... 
2018-12-10 09:21:26 +0000  4533 bytes for ./Payload/HomeworkAssistant.app/检查更新@3x.png
2018-12-10 09:21:26 +0000  copying file ./Payload/HomeworkAssistant.app/管理@2x.png ... 
2018-12-10 09:21:26 +0000  3541 bytes for ./Payload/HomeworkAssistant.app/管理@2x.png
copying file ./Payload/HomeworkAssistant.app/logo@2x.png ... 
2018-12-10 09:21:26 +0000  33709 bytes for ./Payload/HomeworkAssistant.app/logo@2x.png
2018-12-10 09:21:26 +0000  copying file ./Payload/HomeworkAssistant.app/我的-未激活@3x.png ... 
4489 bytes for ./Payload/HomeworkAssistant.app/我的-未激活@3x.png
copying file ./Payload/HomeworkAssistant.app/扫一扫@2x.png ... 
817 bytes for ./Payload/HomeworkAssistant.app/扫一扫@2x.png
copying file ./Payload/HomeworkAssistant.app/用户反馈@2x.png ... 
1038 bytes for ./Payload/HomeworkAssistant.app/用户反馈@2x.png
copying file ./Payload/HomeworkAssistant.app/第三方登录-渐变分割线@3x.png ... 
2062 bytes for ./Payload/HomeworkAssistant.app/第三方登录-渐变分割线@3x.png
copying file ./Payload/HomeworkAssistant.app/修改信息@2x.png ... 
1699 bytes for ./Payload/HomeworkAssistant.app/修改信息@2x.png
copying file ./Payload/HomeworkAssistant.app/学习-未激活@3x.png ... 
1877 bytes for ./Payload/HomeworkAssistant.app/学习-未激活@3x.png
2018-12-10 09:21:26 +0000  copying file ./Payload/HomeworkAssistant.app/微信@3x.png ... 
2817 bytes for ./Payload/HomeworkAssistant.app/微信@3x.png
copying file ./Payload/HomeworkAssistant.app/embedded.mobileprovision ... 
8353 bytes for ./Payload/HomeworkAssistant.app/embedded.mobileprovision
copying file ./Payload/HomeworkAssistant.app/微信@2x.png ... 
1908 bytes for ./Payload/HomeworkAssistant.app/微信@2x.png
copying file ./Payload/HomeworkAssistant.app/学习-未激活@2x.png ... 
1292 bytes for ./Payload/HomeworkAssistant.app/学习-未激活@2x.png
copying file ./Payload/HomeworkAssistant.app/login/AuthServer/MD5Encrypt.m ... 
761 bytes for ./Payload/HomeworkAssistant.app/login/AuthServer/MD5Encrypt.m
copying file ./Payload/HomeworkAssistant.app/login/AuthServer/AuthServerV2RP.m ... 
2018-12-10 09:21:26 +0000  2957 bytes for ./Payload/HomeworkAssistant.app/login/AuthServer/AuthServerV2RP.m
copying file ./Payload/HomeworkAssistant.app/login/AuthServer/AuthServer.h ... 
775 bytes for ./Payload/HomeworkAssistant.app/login/AuthServer/AuthServer.h
2018-12-10 09:21:26 +0000  copying file ./Payload/HomeworkAssistant.app/login/AuthServer/AuthServerV2RP.h ... 
403 bytes for ./Payload/HomeworkAssistant.app/login/AuthServer/AuthServerV2RP.h
copying file ./Payload/HomeworkAssistant.app/login/AuthServer/MD5Encrypt.h ... 
2018-12-10 09:21:26 +0000  262 bytes for ./Payload/HomeworkAssistant.app/login/AuthServer/MD5Encrypt.h
copying file ./Payload/HomeworkAssistant.app/login/AuthServer/AuthServer.m ... 
2018-12-10 09:21:26 +0000  19678 bytes for ./Payload/HomeworkAssistant.app/login/AuthServer/AuthServer.m
2018-12-10 09:21:26 +0000  copying file ./Payload/HomeworkAssistant.app/login/controller/Constants.m ... 
49 bytes for ./Payload/HomeworkAssistant.app/login/controller/Constants.m
copying file ./Payload/HomeworkAssistant.app/login/controller/ForgetPassViewController.m ... 
13081 bytes for ./Payload/HomeworkAssistant.app/login/controller/ForgetPassViewController.m
copying file ./Payload/HomeworkAssistant.app/login/controller/YDUserManager.m ... 
16524 bytes for ./Payload/HomeworkAssistant.app/login/controller/YDUserManager.m
copying file ./Payload/HomeworkAssistant.app/login/controller/OldLoginViewController.h ... 
220 bytes for ./Payload/HomeworkAssistant.app/login/controller/OldLoginViewController.h
copying file ./Payload/HomeworkAssistant.app/login/controller/EnrollViewController.h ... 
213 bytes for ./Payload/HomeworkAssistant.app/login/controller/EnrollViewController.h
copying file ./Payload/HomeworkAssistant.app/login/controller/LoginViewController.m ... 
2018-12-10 09:21:26 +0000  34486 bytes for ./Payload/HomeworkAssistant.app/login/controller/LoginViewController.m
copying file ./Payload/HomeworkAssistant.app/login/controller/NetEaseMailController.h ... 
221 bytes for ./Payload/HomeworkAssistant.app/login/controller/NetEaseMailController.h
copying file ./Payload/HomeworkAssistant.app/login/controller/WebViewController.m ... 
2018-12-10 09:21:26 +0000  5466 bytes for ./Payload/HomeworkAssistant.app/login/controller/WebViewController.m
copying file ./Payload/HomeworkAssistant.app/login/controller/ForgetPassViewController.h ... 
217 bytes for ./Payload/HomeworkAssistant.app/login/controller/ForgetPassViewController.h
copying file ./Payload/HomeworkAssistant.app/login/controller/Constants.h ... 
2018-12-10 09:21:26 +0000  18851 bytes for ./Payload/HomeworkAssistant.app/login/controller/Constants.h
copying file ./Payload/HomeworkAssistant.app/login/controller/OldLoginViewController.m ... 
2018-12-10 09:21:26 +0000  31491 bytes for ./Payload/HomeworkAssistant.app/login/controller/OldLoginViewController.m
copying file ./Payload/HomeworkAssistant.app/login/controller/YDUserManager.h ... 
2018-12-10 09:21:26 +0000  2177 bytes for ./Payload/HomeworkAssistant.app/login/controller/YDUserManager.h
copying file ./Payload/HomeworkAssistant.app/login/controller/NetEaseMailController.m ... 
2018-12-10 09:21:26 +0000  19430 bytes for ./Payload/HomeworkAssistant.app/login/controller/NetEaseMailController.m
2018-12-10 09:21:26 +0000  copying file ./Payload/HomeworkAssistant.app/login/controller/LoginViewController.h ... 
238 bytes for ./Payload/HomeworkAssistant.app/login/controller/LoginViewController.h
copying file ./Payload/HomeworkAssistant.app/login/controller/EnrollViewController.m ... 
2018-12-10 09:21:26 +0000  14585 bytes for ./Payload/HomeworkAssistant.app/login/controller/EnrollViewController.m
copying file ./Payload/HomeworkAssistant.app/login/controller/WebViewController.h ... 
356 bytes for ./Payload/HomeworkAssistant.app/login/controller/WebViewController.h
copying file ./Payload/HomeworkAssistant.app/login/model/YDUserModel.h ... 
3540 bytes for ./Payload/HomeworkAssistant.app/login/model/YDUserModel.h
copying file ./Payload/HomeworkAssistant.app/login/model/YDUserModel.m ... 
186 bytes for ./Payload/HomeworkAssistant.app/login/model/YDUserModel.m
copying file ./Payload/HomeworkAssistant.app/login/view/MineTopView.h ... 
495 bytes for ./Payload/HomeworkAssistant.app/login/view/MineTopView.h
copying file ./Payload/HomeworkAssistant.app/login/view/LoginView.h ... 
330 bytes for ./Payload/HomeworkAssistant.app/login/view/LoginView.h
copying file ./Payload/HomeworkAssistant.app/login/view/NetEaseMailLoginView.m ... 
1659 bytes for ./Payload/HomeworkAssistant.app/login/view/NetEaseMailLoginView.m
copying file ./Payload/HomeworkAssistant.app/login/view/OldLoginView.m ... 
2073 bytes for ./Payload/HomeworkAssistant.app/login/view/OldLoginView.m
copying file ./Payload/HomeworkAssistant.app/login/view/MineTopView.m ... 
3623 bytes for ./Payload/HomeworkAssistant.app/login/view/MineTopView.m
copying file ./Payload/HomeworkAssistant.app/login/view/NetEaseMailLoginView.h ... 
313 bytes for ./Payload/HomeworkAssistant.app/login/view/NetEaseMailLoginView.h
copying file ./Payload/HomeworkAssistant.app/login/view/LoginView.m ... 
2085 bytes for ./Payload/HomeworkAssistant.app/login/view/LoginView.m
copying file ./Payload/HomeworkAssistant.app/login/view/OldLoginView.h ... 
292 bytes for ./Payload/HomeworkAssistant.app/login/view/OldLoginView.h
copying file ./Payload/HomeworkAssistant.app/Info.plist ... 
2283 bytes for ./Payload/HomeworkAssistant.app/Info.plist
copying file ./Payload/HomeworkAssistant.app/PkgInfo ... 
8 bytes for ./Payload/HomeworkAssistant.app/PkgInfo
2018-12-10 09:21:26 +0000  /usr/bin/ditto exited with 0
2018-12-10 09:21:26 +0000  Processing step: IDEDistributionAppStoreInformationStep
2018-12-10 09:21:26 +0000  Skipping step: IDEDistributionAppStoreInformationStep because it said so
2018-12-10 09:21:26 +0000  Processing step: IDEDistributionCreateManifestStep
